<?xml version="1.0" encoding="UTF-8"?>
<!-- Generated by org.testng.reporters.JUnitXMLReporter -->
<testsuite hostname="DIN39000878" ignored="0" name="Default test" tests="3" failures="0" timestamp="23 Nov 2018 10:44:36 GMT" time="37.454" errors="0">
  <testcase name="LoginTest" time="5.43" classname="com.crm.qa.testcaes.LoginPageTest"/>
  <testcase name="loginPageTitleTest" time="0.013" classname="com.crm.qa.testcaes.LoginPageTest"/>
  <testcase name="CRMimgaeTest" time="0.047" classname="com.crm.qa.testcaes.LoginPageTest"/>
</testsuite> <!-- Default test -->
